{
  "RSpec": {
    "coverage": {
      "/Users/user/Desktop/sites/apparel_shop/spec/controllers/products_controller_spec.rb": [
        1,
        null,
        1,
        1,
        1,
        null,
        1,
        null,
        1,
        1,
        null,
        null
      ],
      "/Users/user/Desktop/sites/apparel_shop/spec/rails_helper.rb": [
        null,
        null,
        1,
        1,
        1,
        null,
        1,
        1,
        null,
        null,
        null,
        null,
        null,
        null,
        null,
        null,
        null,
        null,
        null,
        null,
        null,
        null,
        null,
        null,
        null,
        null,
        null,
        1,
        null,
        1,
        null,
        1,
        null,
        null,
        null,
        null,
        1,
        null,
        null,
        null,
        null,
        null,
        null,
        null,
        null,
        null,
        null,
        null,
        null,
        null,
        null,
        1,
        null,
        null,
        1,
        null,
        null,
        null
      ],
      "/Users/user/Desktop/sites/apparel_shop/config/environment.rb": [
        null,
        1,
        null,
        null,
        1
      ],
      "/Users/user/Desktop/sites/apparel_shop/config/application.rb": [
        1,
        null,
        1,
        null,
        1,
        1,
        1,
        1,
        1,
        1,
        1,
        1,
        null,
        null,
        null,
        null,
        1,
        null,
        1,
        1,
        null,
        1,
        null,
        null,
        null,
        null,
        null,
        null,
        1,
        null,
        null
      ],
      "/Users/user/Desktop/sites/apparel_shop/config/boot.rb": [
        1,
        null,
        1
      ],
      "/Users/user/Desktop/sites/apparel_shop/config/environments/test.rb": [
        1,
        null,
        null,
        null,
        null,
        null,
        null,
        1,
        null,
        null,
        null,
        null,
        1,
        null,
        null,
        1,
        1,
        null,
        null,
        null,
        null,
        1,
        1,
        null,
        null,
        1,
        null,
        null,
        1,
        1,
        null,
        null,
        null,
        null,
        1,
        null,
        null,
        1,
        null,
        null,
        null,
        null
      ],
      "/Users/user/Desktop/sites/apparel_shop/config/initializers/application_controller_renderer.rb": [
        null,
        null,
        null,
        null,
        null,
        null,
        null,
        null
      ],
      "/Users/user/Desktop/sites/apparel_shop/config/initializers/assets.rb": [
        null,
        null,
        null,
        1,
        null,
        null,
        null,
        null,
        1,
        null,
        null,
        null,
        null,
        null
      ],
      "/Users/user/Desktop/sites/apparel_shop/config/initializers/backtrace_silencers.rb": [
        null,
        null,
        null,
        null,
        null,
        null,
        null
      ],
      "/Users/user/Desktop/sites/apparel_shop/config/initializers/cookies_serializer.rb": [
        null,
        null,
        null,
        null,
        1
      ],
      "/Users/user/Desktop/sites/apparel_shop/config/initializers/filter_parameter_logging.rb": [
        null,
        null,
        null,
        1
      ],
      "/Users/user/Desktop/sites/apparel_shop/config/initializers/inflections.rb": [
        null,
        null,
        null,
        null,
        null,
        null,
        null,
        null,
        null,
        null,
        null,
        null,
        null,
        null,
        null,
        null
      ],
      "/Users/user/Desktop/sites/apparel_shop/config/initializers/mime_types.rb": [
        null,
        null,
        null,
        null
      ],
      "/Users/user/Desktop/sites/apparel_shop/config/initializers/wrap_parameters.rb": [
        null,
        null,
        null,
        null,
        null,
        null,
        1,
        2,
        null,
        null,
        null,
        null,
        null,
        null
      ],
      "/Users/user/Desktop/sites/apparel_shop/spec/factories/product_factory.rb": [
        1,
        1,
        1,
        null,
        null
      ],
      "/Users/user/Desktop/sites/apparel_shop/config/routes.rb": [
        1,
        1,
        null,
        1,
        null
      ],
      "/Users/user/Desktop/sites/apparel_shop/app/helpers/application_helper.rb": [
        1,
        null
      ],
      "/Users/user/Desktop/sites/apparel_shop/app/controllers/products_controller.rb": [
        1,
        1,
        null,
        1,
        7,
        null,
        null,
        1,
        2,
        null,
        null,
        1,
        2,
        null,
        2,
        1,
        1,
        null,
        1,
        1,
        null,
        null,
        null,
        null,
        1,
        2,
        null,
        2,
        1,
        1,
        null,
        1,
        1,
        null,
        null,
        null,
        1,
        1,
        null,
        1,
        null,
        1,
        1,
        null,
        null,
        1,
        2,
        null,
        null,
        1,
        6,
        null,
        null,
        1,
        null,
        1,
        12,
        null,
        1,
        1,
        null,
        null,
        1,
        4,
        null,
        null
      ],
      "/Users/user/Desktop/sites/apparel_shop/app/controllers/application_controller.rb": [
        1,
        1,
        null
      ],
      "/Users/user/Desktop/sites/apparel_shop/spec/features/creating_products_spec.rb": [
        1,
        null,
        null,
        1,
        1,
        1,
        null,
        1,
        null,
        1,
        1,
        null,
        1,
        null,
        1,
        1,
        1,
        null,
        null,
        1,
        null,
        1,
        null,
        1,
        null,
        1,
        1,
        null,
        1,
        null,
        1,
        1,
        null,
        null
      ],
      "/Users/user/Desktop/sites/apparel_shop/spec/features/deleting_products_spec.rb": [
        1,
        null,
        1,
        1,
        1,
        null,
        1,
        null,
        1,
        1,
        null,
        1,
        1,
        1,
        null,
        null
      ],
      "/Users/user/Desktop/sites/apparel_shop/spec/features/editing_products_spec.rb": [
        1,
        null,
        1,
        1,
        1,
        null,
        1,
        null,
        1,
        1,
        null,
        1,
        null,
        1,
        null,
        1,
        1,
        null,
        null,
        null,
        1,
        1,
        null,
        null,
        1,
        null,
        1,
        1,
        null,
        1,
        null,
        1,
        null,
        1,
        null,
        null
      ],
      "/Users/user/Desktop/sites/apparel_shop/spec/features/viewing_products_spec.rb": [
        1,
        null,
        1,
        1,
        1,
        null,
        1,
        null,
        1,
        1,
        null,
        null
      ],
      "/Users/user/Desktop/sites/apparel_shop/spec/models/product_spec.rb": [
        1,
        null,
        1,
        1,
        null
      ],
      "/Users/user/Desktop/sites/apparel_shop/app/models/product.rb": [
        1,
        1,
        null
      ],
      "/Users/user/Desktop/sites/apparel_shop/app/models/application_record.rb": [
        1,
        1,
        null
      ]
    },
    "timestamp": 1523014989
  }
}
